[    0.000000] Initializing cgroup subsys cpuset
[    0.000000] Initializing cgroup subsys cpu
[    0.000000] Initializing cgroup subsys cpuacct
[    0.000000] Linux version 4.4.0-210-generic (buildd@lgw01-amd64-009) (gcc version 5.4.0 20160609 (Ubuntu 5.4.0-6ubuntu1~16.04.12) ) #242-Ubuntu SMP Fri Apr 16 09:57:56 UTC 2021 (Ubuntu 4.4.0-210.242-generic 4.4.262)
[    0.000000] Command line: BOOT_IMAGE=/boot/vmlinuz-4.4.0-210-generic root=LABEL=cloudimg-rootfs ro console=tty1 console=ttyS0
[    0.000000] KERNEL supported cpus:
[    0.000000]   Intel GenuineIntel
[    0.000000]   AMD AuthenticAMD
[    0.000000]   Centaur CentaurHauls
[    0.000000] x86/fpu: Legacy x87 FPU detected.
[    0.000000] e820: BIOS-provided physical RAM map:
[    0.000000] BIOS-e820: [mem 0x0000000000000000-0x000000000009fbff] usable
[    0.000000] BIOS-e820: [mem 0x000000000009fc00-0x000000000009ffff] reserved
[    0.000000] BIOS-e820: [mem 0x00000000000f0000-0x00000000000fffff] reserved
[    0.000000] BIOS-e820: [mem 0x0000000000100000-0x000000003ffeffff] usable
[    0.000000] BIOS-e820: [mem 0x000000003fff0000-0x000000003fffffff] ACPI data
[    0.000000] BIOS-e820: [mem 0x00000000fec00000-0x00000000fec00fff] reserved
[    0.000000] BIOS-e820: [mem 0x00000000fee00000-0x00000000fee00fff] reserved
[    0.000000] BIOS-e820: [mem 0x00000000fffc0000-0x00000000ffffffff] reserved
[    0.000000] NX (Execute Disable) protection: active
[    0.000000] SMBIOS 2.5 present.
[    0.000000] Hypervisor detected: KVM
[    0.000000] e820: last_pfn = 0x3fff0 max_arch_pfn = 0x400000000
[    0.000000] MTRR: Disabled
[    0.000000] x86/PAT: MTRRs disabled, skipping PAT initialization too.
[    0.000000] CPU MTRRs all blank - virtualized system.
[    0.000000] x86/PAT: Configuration [0-7]: WB  WT  UC- UC  WB  WT  UC- UC  
[    0.000000] found SMP MP-table at [mem 0x0009fff0-0x0009ffff] mapped at [ffff88000009fff0]
[    0.000000] Scanning 1 areas for low memory corruption
[    0.000000] RAMDISK: [mem 0x362dc000-0x37165fff]
[    0.000000] ACPI: Early table checksum verification disabled
[    0.000000] ACPI: RSDP 0x00000000000E0000 000024 (v02 VBOX  )
[    0.000000] ACPI: XSDT 0x000000003FFF0030 00003C (v01 VBOX   VBOXXSDT 00000001 ASL  00000061)
[    0.000000] ACPI: FACP 0x000000003FFF00F0 0000F4 (v04 VBOX   VBOXFACP 00000001 ASL  00000061)
[    0.000000] ACPI: DSDT 0x000000003FFF0610 002353 (v02 VBOX   VBOXBIOS 00000002 INTL 20100528)
[    0.000000] ACPI: FACS 0x000000003FFF0200 000040
[    0.000000] ACPI: FACS 0x000000003FFF0200 000040
[    0.000000] ACPI: APIC 0x000000003FFF0240 00005C (v02 VBOX   VBOXAPIC 00000001 ASL  00000061)
[    0.000000] ACPI: SSDT 0x000000003FFF02A0 00036C (v01 VBOX   VBOXCPUT 00000002 INTL 20100528)
[    0.000000] No NUMA configuration found
[    0.000000] Faking a node at [mem 0x0000000000000000-0x000000003ffeffff]
[    0.000000] NODE_DATA(0) allocated [mem 0x3ffeb000-0x3ffeffff]
[    0.000000] kvm-clock: Using msrs 4b564d01 and 4b564d00
[    0.000000] kvm-clock: cpu 0, msr 0:3ffe3001, primary cpu clock
[    0.000000] kvm-clock: using sched offset of 4436451234 cycles
[    0.000000] clocksource: kvm-clock: mask: 0xffffffffffffffff max_cycles: 0x1cd42e4dffb, max_idle_ns: 881590591483 ns
[    0.000000] Zone ranges:
[    0.000000]   DMA      [mem 0x0000000000001000-0x0000000000ffffff]
[    0.000000]   DMA32    [mem 0x0000000001000000-0x000000003ffeffff]
[    0.000000]   Normal   empty
[    0.000000]   Device   empty
[    0.000000] Movable zone start for each node
[    0.000000] Early memory node ranges
[    0.000000]   node   0: [mem 0x0000000000001000-0x000000000009efff]
[    0.000000]   node   0: [mem 0x0000000000100000-0x000000003ffeffff]
[    0.000000] Initmem setup node 0 [mem 0x0000000000001000-0x000000003ffeffff]
[    0.000000] ACPI: PM-Timer IO Port: 0x4008
[    0.000000] IOAPIC[0]: apic_id 2, version 32, address 0xfec00000, GSI 0-23
[    0.000000] ACPI: INT_SRC_OVR (bus 0 bus_irq 0 global_irq 2 dfl dfl)
[    0.000000] ACPI: INT_SRC_OVR (bus 0 bus_irq 9 global_irq 9 low level)
[    0.000000] Using ACPI (MADT) for SMP configuration information
[    0.000000] smpboot: Allowing 2 CPUs, 0 hotplug CPUs
[    0.000000] PM: Registered nosave memory: [mem 0x00000000-0x00000fff]
[    0.000000] PM: Registered nosave memory: [mem 0x0009f000-0x0009ffff]
[    0.000000] PM: Registered nosave memory: [mem 0x000a0000-0x000effff]
[    0.000000] PM: Registered nosave memory: [mem 0x000f0000-0x000fffff]
[    0.000000] e820: [mem 0x40000000-0xfebfffff] available for PCI devices
[    0.000000] Booting paravirtualized kernel on KVM
[    0.000000] clocksource: refined-jiffies: mask: 0xffffffff max_cycles: 0xffffffff, max_idle_ns: 7645519600211568 ns
[    0.000000] setup_percpu: NR_CPUS:512 nr_cpumask_bits:512 nr_cpu_ids:2 nr_node_ids:1
[    0.000000] PERCPU: Embedded 33 pages/cpu @ffff88003fc00000 s95192 r8192 d31784 u1048576
[    0.000000] Built 1 zonelists in Node order, mobility grouping on.  Total pages: 257912
[    0.000000] Policy zone: DMA32
[    0.000000] Kernel command line: BOOT_IMAGE=/boot/vmlinuz-4.4.0-210-generic root=LABEL=cloudimg-rootfs ro console=tty1 console=ttyS0
[    0.000000] PID hash table entries: 4096 (order: 3, 32768 bytes)
[    0.000000] Memory: 997792K/1048120K available (8644K kernel code, 1332K rwdata, 4044K rodata, 1492K init, 1164K bss, 50328K reserved, 0K cma-reserved)
[    0.000000] SLUB: HWalign=64, Order=0-3, MinObjects=0, CPUs=2, Nodes=1
[    0.000000] Kernel/User page tables isolation: enabled
[    0.000000] Hierarchical RCU implementation.
[    0.000000] 	Build-time adjustment of leaf fanout to 64.
[    0.000000] 	RCU restricting CPUs from NR_CPUS=512 to nr_cpu_ids=2.
[    0.000000] RCU: Adjusting geometry for rcu_fanout_leaf=64, nr_cpu_ids=2
[    0.000000] NR_IRQS:33024 nr_irqs:440 16
[    0.000000] Console: colour VGA+ 80x25
[    0.000000] console [tty1] enabled
[    0.000000] console [ttyS0] enabled
[    0.000000] tsc: Detected 2591.998 MHz processor
[    1.337951] Calibrating delay loop (skipped) preset value.. 5183.99 BogoMIPS (lpj=10367992)
[    1.369720] pid_max: default: 32768 minimum: 301
[    1.399210] ACPI: Core revision 20150930
[    1.436275] ACPI: 2 ACPI AML tables successfully acquired and loaded
[    1.469834] Security Framework initialized
[    1.489555] Yama: becoming mindful.
[    1.505026] AppArmor: AppArmor initialized
[    1.520155] Dentry cache hash table entries: 131072 (order: 8, 1048576 bytes)
[    1.569694] Inode-cache hash table entries: 65536 (order: 7, 524288 bytes)
[    1.668645] Mount-cache hash table entries: 2048 (order: 2, 16384 bytes)
[    1.739505] Mountpoint-cache hash table entries: 2048 (order: 2, 16384 bytes)
[    1.773070] Initializing cgroup subsys io
[    1.792569] Initializing cgroup subsys memory
[    1.817475] Initializing cgroup subsys devices
[    1.841330] Initializing cgroup subsys freezer
[    1.867988] Initializing cgroup subsys net_cls
[    1.890040] Initializing cgroup subsys perf_event
[    1.937280] Initializing cgroup subsys net_prio
[    1.958402] Initializing cgroup subsys hugetlb
[    1.979947] Initializing cgroup subsys pids
[    2.021955] mce: CPU supports 0 MCE banks
[    2.058742] Last level iTLB entries: 4KB 64, 2MB 8, 4MB 8
[    2.080462] Last level dTLB entries: 4KB 64, 2MB 0, 4MB 0, 1GB 4
[    2.108338] Spectre V1 : Mitigation: usercopy/swapgs barriers and __user pointer sanitization
[    2.148280] Spectre V2 : Mitigation: Full generic retpoline
[    2.176031] Spectre V2 : Spectre v2 / SpectreRSB mitigation: Filling RSB on context switch
[    2.214994] Speculative Store Bypass: Vulnerable
[    2.235441] SRBDS: Unknown: Dependent on hypervisor status
[    2.262137] MDS: Mitigation: Clear CPU buffers
[    2.501901] Freeing SMP alternatives memory: 36K
[    2.973726] ftrace: allocating 32380 entries in 127 pages
[    5.763787] smpboot: APIC(0) Converting physical 0 to logical package 0
[    5.781165] smpboot: Max logical packages: 1
[    5.829175] ..TIMER: vector=0x30 apic1=0 pin1=2 apic2=-1 pin2=-1
[    5.952222] smpboot: CPU0: Intel(R) Core(TM) i7-6500U CPU @ 2.50GHz (family: 0x6, model: 0x4e, stepping: 0x3)
[    5.976941] Performance Events: unsupported p6 CPU model 78 no PMU driver, software events only.
[    6.276498] KVM setup paravirtual spinlock
[    6.290880] x86: Booting SMP configuration:
[    6.299154] .... node  #0, CPUs:      #1
[    6.313567] kvm-clock: cpu 1, msr 0:3ffe3041, secondary cpu clock
[    6.329281] mce: CPU supports 0 MCE banks
[    6.350787] TSC synchronization [CPU#0 -> CPU#1]:
[    6.364234] Measured 106425 cycles TSC warp between CPUs, turning off TSC clock.
[    6.388789] tsc: Marking TSC unstable due to check_tsc_sync_source failed
[    1.426442] x86: Booted up 1 node, 2 CPUs
[    1.428012] smpboot: Total of 2 processors activated (10367.99 BogoMIPS)
[    1.444214] devtmpfs: initialized
[    1.455605] evm: security.selinux
[    1.456009] evm: security.SMACK64
[    1.460011] evm: security.SMACK64EXEC
[    1.464009] evm: security.SMACK64TRANSMUTE
[    1.468009] evm: security.SMACK64MMAP
[    1.472010] evm: security.ima
[    1.476012] evm: security.capability
[    1.484309] clocksource: jiffies: mask: 0xffffffff max_cycles: 0xffffffff, max_idle_ns: 7645041785100000 ns
[    1.488048] futex hash table entries: 512 (order: 3, 32768 bytes)
[    1.496341] pinctrl core: initialized pinctrl subsystem
[    1.501327] RTC time: 11:56:49, date: 12/24/23
[    1.509054] NET: Registered protocol family 16
[    1.524035] cpuidle: using governor ladder
[    1.540021] cpuidle: using governor menu
[    1.544024] PCCT header not found.
[    1.548190] ACPI: bus type PCI registered
[    1.552011] acpiphp: ACPI Hot Plug PCI Controller Driver version: 0.5
[    1.560420] PCI: Using configuration type 1 for base access
[    1.592754] ACPI: Added _OSI(Module Device)
[    1.596008] ACPI: Added _OSI(Processor Device)
[    1.600007] ACPI: Added _OSI(3.0 _SCP Extensions)
[    1.604007] ACPI: Added _OSI(Processor Aggregator Device)
[    1.612931] ACPI: Executed 1 blocks of module-level executable AML code
[    1.630394] ACPI: Interpreter enabled
[    1.632020] ACPI: (supports S0 S5)
[    1.636005] ACPI: Using IOAPIC for interrupt routing
[    1.644137] PCI: Using host bridge windows from ACPI; if necessary, use "pci=nocrs" and report a bug
[    1.668174] ACPI: PCI Root Bridge [PCI0] (domain 0000 [bus 00-ff])
[    1.672023] acpi PNP0A03:00: _OSC: OS supports [ASPM ClockPM Segments MSI]
[    1.677231] acpi PNP0A03:00: _OSC: not requesting OS control; OS requires [ExtendedConfig ASPM ClockPM MSI]
[    1.680058] acpi PNP0A03:00: fail to add MMCONFIG information, can't access extended PCI configuration space under this bridge.
[    1.688285] PCI host bridge to bus 0000:00
[    1.692013] pci_bus 0000:00: root bus resource [io  0x0000-0x0cf7 window]
[    1.696015] pci_bus 0000:00: root bus resource [io  0x0d00-0xffff window]
[    1.700015] pci_bus 0000:00: root bus resource [mem 0x000a0000-0x000bffff window]
[    1.704026] pci_bus 0000:00: root bus resource [mem 0x40000000-0xfdffffff window]
[    1.708013] pci_bus 0000:00: root bus resource [bus 00-ff]
[    1.727530] pci 0000:00:01.1: legacy IDE quirk: reg 0x10: [io  0x01f0-0x01f7]
[    1.728009] pci 0000:00:01.1: legacy IDE quirk: reg 0x14: [io  0x03f6]
[    1.732009] pci 0000:00:01.1: legacy IDE quirk: reg 0x18: [io  0x0170-0x0177]
[    1.736009] pci 0000:00:01.1: legacy IDE quirk: reg 0x1c: [io  0x0376]
[    1.794090] pci 0000:00:07.0: quirk: [io  0x4000-0x403f] claimed by PIIX4 ACPI
[    1.796121] pci 0000:00:07.0: quirk: [io  0x4100-0x410f] claimed by PIIX4 SMB
[    1.834607] ACPI: PCI Interrupt Link [LNKA] (IRQs 5 9 10 *11)
[    1.846281] ACPI: PCI Interrupt Link [LNKB] (IRQs 5 9 *10 11)
[    1.860206] ACPI: PCI Interrupt Link [LNKC] (IRQs 5 *9 10 11)
[    1.873474] ACPI: PCI Interrupt Link [LNKD] (IRQs 5 9 10 *11)
[    1.886025] ACPI: Enabled 2 GPEs in block 00 to 07
[    1.892101] vgaarb: setting as boot device: PCI:0000:00:02.0
[    1.896000] vgaarb: device added: PCI:0000:00:02.0,decodes=io+mem,owns=io+mem,locks=none
[    1.896009] vgaarb: loaded
[    1.900006] vgaarb: bridge control possible 0000:00:02.0
[    1.904861] SCSI subsystem initialized
[    1.912245] ACPI: bus type USB registered
[    1.916134] usbcore: registered new interface driver usbfs
[    1.920071] usbcore: registered new interface driver hub
[    1.924039] usbcore: registered new device driver usb
[    1.933337] PCI: Using ACPI for IRQ routing
[    1.938128] NetLabel: Initializing
[    1.940008] NetLabel:  domain hash size = 128
[    1.944006] NetLabel:  protocols = UNLABELED CIPSOv4
[    1.948037] NetLabel:  unlabeled traffic allowed by default
[    1.956220] amd_nb: Cannot enumerate AMD northbridges
[    1.964015] clocksource: Switched to clocksource kvm-clock
[    2.019856] AppArmor: AppArmor Filesystem Enabled
[    2.019856] pnp: PnP ACPI init
[    2.019856] pnp: PnP ACPI: found 3 devices
[    2.175763] clocksource: acpi_pm: mask: 0xffffff max_cycles: 0xffffff, max_idle_ns: 2085701024 ns
[    2.176333] NET: Registered protocol family 2
[    2.216574] TCP established hash table entries: 8192 (order: 4, 65536 bytes)
[    2.235091] TCP bind hash table entries: 8192 (order: 5, 131072 bytes)
[    2.253286] TCP: Hash tables configured (established 8192 bind 8192)
[    2.269377] UDP hash table entries: 512 (order: 2, 16384 bytes)
[    2.272321] UDP-Lite hash table entries: 512 (order: 2, 16384 bytes)
[    2.272321] NET: Registered protocol family 1
[    2.272321] pci 0000:00:00.0: Limiting direct PCI/PCI transfers
[    2.272321] pci 0000:00:01.0: Activating ISA DMA hang workarounds
[    2.272321] Unpacking initramfs...
[    3.112121] Freeing initrd memory: 14888K
[    3.112121] clocksource: tsc: mask: 0xffffffffffffffff max_cycles: 0x255cb518234, max_idle_ns: 440795279333 ns
[    3.112121] platform rtc_cmos: registered platform RTC device (no PNP device found)
[    3.112121] Scanning for low memory corruption every 60 seconds
[    3.198215] audit: initializing netlink subsys (disabled)
[    3.211594] audit: type=2000 audit(1703419011.893:1): initialized
[    3.223630] Initialise system trusted keyring
[    3.236297] HugeTLB registered 2 MB page size, pre-allocated 0 pages
[    3.254010] zbud: loaded
[    3.262632] VFS: Disk quotas dquot_6.6.0
[    3.272454] VFS: Dquot-cache hash table entries: 512 (order 0, 4096 bytes)
[    3.276177] squashfs: version 4.0 (2009/01/31) Phillip Lougher
[    3.305983] fuse init (API version 7.23)
[    3.316692] Key type big_key registered
[    3.326226] Allocating IMA MOK and blacklist keyrings.
[    3.374478] Key type asymmetric registered
[    3.384666] Asymmetric key parser 'x509' registered
[    3.397703] Block layer SCSI generic (bsg) driver version 0.4 loaded (major 249)
[    3.421695] io scheduler noop registered
[    3.433967] io scheduler deadline registered (default)
[    3.447267] io scheduler cfq registered
[    3.451004] pci_hotplug: PCI Hot Plug PCI Core version: 0.5
[    3.451004] pciehp: PCI Express Hot Plug Controller Driver version: 0.4
[    3.451004] ACPI: AC Adapter [AC] (on-line)
[    3.451004] input: Power Button as /devices/LNXSYSTM:00/LNXPWRBN:00/input/input0
[    3.451004] ACPI: Power Button [PWRF]
[    3.451004] input: Sleep Button as /devices/LNXSYSTM:00/LNXSLPBN:00/input/input1
[    3.451004] ACPI: Sleep Button [SLPF]
[    3.575521] ACPI: Battery Slot [BAT0] (battery present)
[    3.576524] GHES: HEST is not enabled!
[    3.596953] Serial: 8250/16550 driver, 32 ports, IRQ sharing enabled
[    3.647528] 00:02: ttyS0 at I/O 0x3f8 (irq = 4, base_baud = 115200) is a 16550A
[    3.705431] Linux agpgart interface v0.103
[    3.742847] loop: module loaded
[    3.761081] scsi host0: ata_piix
[    3.772929] scsi host1: ata_piix
[    3.781133] ata1: PATA max UDMA/33 cmd 0x1f0 ctl 0x3f6 bmdma 0xd000 irq 14
[    3.784949] ata2: PATA max UDMA/33 cmd 0x170 ctl 0x376 bmdma 0xd008 irq 15
[    3.817418] libphy: Fixed MDIO Bus: probed
[    3.827891] tun: Universal TUN/TAP device driver, 1.6
[    3.831793] tun: (C) 1999-2004 Max Krasnyansky <maxk@qualcomm.com>
[    3.856981] PPP generic driver version 2.4.2
[    3.878736] ehci_hcd: USB 2.0 'Enhanced' Host Controller (EHCI) Driver
[    3.891737] ehci-pci: EHCI PCI platform driver
[    3.902477] ehci-platform: EHCI generic platform driver
[    3.912968] ohci_hcd: USB 1.1 'Open' Host Controller (OHCI) Driver
[    3.916824] ohci-pci: OHCI PCI platform driver
[    3.916824] ohci-platform: OHCI generic platform driver
[    3.948385] uhci_hcd: USB Universal Host Controller Interface driver
[    3.952277] i8042: PNP: PS/2 Controller [PNP0303:PS2K,PNP0f03:PS2M] at 0x60,0x64 irq 1,12
[    4.038587] serio: i8042 KBD port at 0x60,0x64 irq 1
[    4.051231] serio: i8042 AUX port at 0x60,0x64 irq 12
[    4.107123] mousedev: PS/2 mouse device common for all mice
[    4.129232] rtc_cmos rtc_cmos: rtc core: registered rtc_cmos as rtc0
[    4.145960] rtc_cmos rtc_cmos: alarms up to one day, 114 bytes nvram
[    4.159163] i2c /dev entries driver
[    4.168239] device-mapper: uevent: version 1.0.3
[    4.180482] input: AT Translated Set 2 keyboard as /devices/platform/i8042/serio0/input/input2
[    4.180649] device-mapper: ioctl: 4.34.0-ioctl (2015-10-28) initialised: dm-devel@redhat.com
[    4.180689] ledtrig-cpu: registered to indicate activity on CPUs
[    4.217121] NET: Registered protocol family 10
[    4.220501] NET: Registered protocol family 17
[    4.220519] Key type dns_resolver registered
[    4.221377] registered taskstats version 1
[    4.221400] Loading compiled-in X.509 certificates
[    4.223791] Loaded X.509 cert 'Build time autogenerated kernel key: cf00e047681d67edb2720680708b7d9498083038'
[    4.223875] zswap: loaded using pool lzo/zbud
[    4.261281] Key type trusted registered
[    4.292350] Key type encrypted registered
[    4.292366] AppArmor: AppArmor sha1 policy hashing enabled
[    4.292371] ima: No TPM chip found, activating TPM-bypass!
[    4.292382] ima: Allocated hash algorithm: sha1
[    4.292539] evm: HMAC attrs: 0x1
[    4.296599]   Magic number: 3:897:934
[    4.316276] rtc_cmos rtc_cmos: setting system clock to 2023-12-24 11:56:52 UTC (1703419012)
[    4.320594] BIOS EDD facility v0.16 2004-Jun-25, 0 devices found
[    4.320594] EDD information not available.
[    4.439630] Freeing unused kernel memory: 1492K
[    4.460808] Write protecting the kernel read-only data: 14336k
[    4.480068] Freeing unused kernel memory: 1584K
[    4.496715] Freeing unused kernel memory: 52K
Loading, please wait...
starting version 229
[    4.573564] random: udevadm: uninitialized urandom read (16 bytes read, 14 bits of entropy available)
[    4.573714] random: systemd-udevd: uninitialized urandom read (16 bytes read, 14 bits of entropy available)
[    4.573905] random: systemd-udevd: uninitialized urandom read (16 bytes read, 14 bits of entropy available)
[    4.573937] random: systemd-udevd: uninitialized urandom read (16 bytes read, 14 bits of entropy available)
[    4.573973] random: systemd-udevd: uninitialized urandom read (16 bytes read, 14 bits of entropy available)
[    4.710206] random: udevadm: uninitialized urandom read (16 bytes read, 14 bits of entropy available)
[    4.767875] random: systemd-udevd: uninitialized urandom read (16 bytes read, 14 bits of entropy available)
[    4.779408] random: udevadm: uninitialized urandom read (16 bytes read, 14 bits of entropy available)
[    4.779700] random: udevadm: uninitialized urandom read (16 bytes read, 14 bits of entropy available)
[    4.780135] random: udevadm: uninitialized urandom read (16 bytes read, 14 bits of entropy available)
[    5.173477] e1000: Intel(R) PRO/1000 Network Driver - version 7.3.21-k8-NAPI
[    5.176140] e1000: Copyright (c) 1999-2006 Intel Corporation.
[    5.249605] Fusion MPT base driver 3.04.20
[    5.261428] Copyright (c) 1999-2008 LSI Corporation
[    5.319193] Fusion MPT SPI Host driver 3.04.20
[    5.631700] SSE version of gcm_enc/dec engaged.
[    5.882402] input: ImExPS/2 Generic Explorer Mouse as /devices/platform/i8042/serio1/input/input4
[    6.813358] e1000 0000:00:03.0 eth0: (PCI:33MHz:32-bit) 02:be:82:6b:cc:1d
[    6.834798] e1000 0000:00:03.0 eth0: Intel(R) PRO/1000 Network Connection
[    7.956049] e1000 0000:00:08.0 eth1: (PCI:33MHz:32-bit) 08:00:27:a4:96:73
[    7.971955] e1000 0000:00:08.0 eth1: Intel(R) PRO/1000 Network Connection
[    7.991939] mptbase: ioc0: Initiating bringup
[    7.992791] e1000 0000:00:08.0 enp0s8: renamed from eth1
[    8.017503] e1000 0000:00:03.0 enp0s3: renamed from eth0
[    8.106270] ioc0: LSI53C1030 A0: Capabilities={Initiator}
[    8.985114] scsi host2: ioc0: LSI53C1030 A0, FwRev=00000000h, Ports=1, MaxQ=256, IRQ=20
[    9.154114] scsi 2:0:0:0: Direct-Access     VBOX     HARDDISK         1.0  PQ: 0 ANSI: 5
[    9.173896] scsi target2:0:0: Beginning Domain Validation
[    9.206390] scsi target2:0:0: Domain Validation skipping write tests
[    9.220487] scsi target2:0:0: Ending Domain Validation
[    9.231907] scsi target2:0:0: asynchronous
[    9.250846] scsi 2:0:1:0: Direct-Access     VBOX     HARDDISK         1.0  PQ: 0 ANSI: 5
[    9.270944] scsi target2:0:1: Beginning Domain Validation
[    9.302547] scsi target2:0:1: Domain Validation skipping write tests
[    9.318502] scsi target2:0:1: Ending Domain Validation
[    9.332927] scsi target2:0:1: asynchronous
[    9.423048] sd 2:0:0:0: Attached scsi generic sg0 type 0
[    9.424072] sd 2:0:0:0: [sda] 83886080 512-byte logical blocks: (42.9 GB/40.0 GiB)
[    9.425945] sd 2:0:0:0: [sda] Write Protect is off
[    9.427028] sd 2:0:0:0: [sda] Incomplete mode parameter data
[    9.427031] sd 2:0:0:0: [sda] Assuming drive cache: write through
[    9.454950]  sda: sda1
[    9.460539] sd 2:0:0:0: [sda] Attached SCSI disk
[    9.522613] sd 2:0:1:0: Attached scsi generic sg1 type 0
[    9.524213] sd 2:0:1:0: [sdb] 20480 512-byte logical blocks: (10.5 MB/10.0 MiB)
[    9.525871] sd 2:0:1:0: [sdb] Write Protect is off
[    9.527056] sd 2:0:1:0: [sdb] Incomplete mode parameter data
[    9.527059] sd 2:0:1:0: [sdb] Assuming drive cache: write through
[    9.547970] sd 2:0:1:0: [sdb] Attached SCSI disk
Begin: Loading essential drivers ... [   12.357539] md: linear personality registered for level -1
[   12.382966] md: multipath personality registered for level -4
[   12.407135] md: raid0 personality registered for level 0
[   12.458859] md: raid1 personality registered for level 1
[   12.552661] raid6: sse2x1   gen()  3492 MB/s
[   12.629010] raid6: sse2x1   xor()  2738 MB/s
[   12.708195] raid6: sse2x2   gen()  6070 MB/s
[   12.784259] raid6: sse2x2   xor()  4693 MB/s
[   12.860344] raid6: sse2x4   gen()  7210 MB/s
[   12.936377] raid6: sse2x4   xor()  4797 MB/s
[   12.946119] raid6: using algorithm sse2x4 gen() 7210 MB/s
[   12.958665] raid6: .... xor() 4797 MB/s, rmw enabled
[   12.968608] raid6: using ssse3x2 recovery algorithm
[   12.987615] xor: measuring software checksum speed
[   18.111542]    prefetch64-sse: -1759293.-296 MB/sec
[   18.222913]    generic_sse: 24627.000 MB/sec
[   18.233255] xor: using function: generic_sse (24627.000 MB/sec)
[   18.250636] async_tx: api initialized (async)
[   18.362116] md: raid6 personality registered for level 6
[   18.373756] md: raid5 personality registered for level 5
[   18.384521] md: raid4 personality registered for level 4
[   18.446913] md: raid10 personality registered for level 10
done.
Begin: Running /scripts/init-premount ... done.
Begin: Mounting root file system ... Begin: Running /scripts/local-top ... done.
Begin: Running /scripts/local-premount ... [   18.717877] Btrfs loaded
Scanning for Btrfs filesystems
done.
Warning: fsck not present, so skipping root file system
[   18.862587] EXT4-fs (sda1): mounted filesystem with ordered data mode. Opts: (null)
done.
Begin: Running /scripts/local-bottom ... done.
Begin: Running /scripts/init-bottom ... done.
[   19.544885] random: nonblocking pool is initialized
[   20.515286] systemd[1]: systemd 229 running in system mode. (+PAM +AUDIT +SELINUX +IMA +APPARMOR +SMACK +SYSVINIT +UTMP +LIBCRYPTSETUP +GCRYPT +GNUTLS +ACL +XZ -LZ4 +SECCOMP +BLKID +ELFUTILS +KMOD -IDN)
[   20.619372] systemd[1]: Detected virtualization oracle.
[   20.643139] systemd[1]: Detected architecture x86-64.

Welcome to [1mUbuntu 16.04.7 LTS[0m!

[   20.707698] systemd[1]: Set hostname to <ubuntu>.
[   20.773038] systemd[1]: Initializing machine ID from random generator.
[   20.796725] systemd[1]: Installed transient /etc/machine-id file.
[   21.605741] systemd[1]: Listening on Journal Socket.
[[0;32m  OK  [0m] Listening on Journal Socket.
[   21.623114] systemd[1]: Listening on Journal Audit Socket.
[[0;32m  OK  [0m] Listening on Journal Audit Socket.
[   21.640245] systemd[1]: Listening on Syslog Socket.
[[0;32m  OK  [0m] Listening on Syslog Socket.
[   21.658211] systemd[1]: Set up automount Arbitrary Executable File Formats File System Automount Point.
[[0;32m  OK  [0m] Set up automount Arbitrary Executab...ats File System Automount Point.
[   21.687746] systemd[1]: Listening on Journal Socket (/dev/log).
[[0;32m  OK  [0m] Listening on Journal Socket (/dev/log).
[   21.706644] systemd[1]: Listening on udev Control Socket.
[[0;32m  OK  [0m] Listening on udev Control Socket.
[   21.725332] systemd[1]: Created slice User and Session Slice.
[[0;32m  OK  [0m] Created slice User and Session Slice.
[   21.744552] systemd[1]: Reached target Swap.
[[0;32m  OK  [0m] Reached target Swap.
[   21.760429] systemd[1]: Started Forward Password Requests to Wall Directory Watch.
[[0;32m  OK  [0m] Started Forward Password Requests to Wall Directory Watch.
[   21.786488] systemd[1]: Listening on udev Kernel Socket.
[[0;32m  OK  [0m] Listening on udev Kernel Socket.
[   21.805707] systemd[1]: Started Trigger resolvconf update for networkd DNS.
[[0;32m  OK  [0m] Started Trigger resolvconf update for networkd DNS.
[   21.828356] systemd[1]: Created slice System Slice.
[[0;32m  OK  [0m] Created slice System Slice.
[   21.861288] systemd[1]: Mounting Huge Pages File System...
         Mounting Huge Pages File System...
[   21.887224] systemd[1]: Starting Create list of required static device nodes for the current kernel...
         Starting Create list of required st... nodes for the current kernel...
[   21.932625] systemd[1]: Created slice system-serial\x2dgetty.slice.
[[0;32m  OK  [0m] Created slice system-serial\x2dgetty.slice.
[   21.974976] systemd[1]: Mounting Debug File System...
         Mounting Debug File System...
[   22.009354] systemd[1]: Starting Nameserver information manager...
         Starting Nameserver information manager...
[   22.043732] systemd[1]: Starting Set console keymap...
         Starting Set console keymap...
[   22.077063] systemd[1]: Starting Load Kernel Modules...
         Starting Load Kernel Modules...
[   22.111849] systemd[1]: Mounting POSIX Message Queue File System...
         Mounting POSIX Message Queue File System...
[   22.155660] systemd[1]: Reached target Slices.
[[0;32m  OK  [0m] Reached target Slices.
[   22.208294] Loading iSCSI transport class v2.0-870.
[   22.241624] systemd[1]: Starting Uncomplicated firewall...
         Starting Uncomplicated firewall...
[   22.295444] systemd[1]: Reached target System Time Synchronized.
[[0;32m  OK  [0m] Reached target System Time Synchronized.
[   22.349014] iscsi: registered transport (tcp)
[   22.357763] systemd[1]: Listening on fsck to fsckd communication Socket.
[[0;32m  OK  [0m] Listening on fsck to fsckd communication Socket.
[   22.446168] systemd[1]: Starting File System Check on Root Device...
         Starting File System Check on Root Device...
[   22.491113] systemd[1]: Listening on Device-mapper event daemon FIFOs.
[[0;32m  OK  [0m] Listening on Device-mapper event daemon FIFOs.
[   22.571595] systemd[1]: Starting Journal Service...
         Starting Journal Service...
[   22.605302] systemd[1]: Reached target Encrypted Volumes.
[[0;32m  OK  [0m] Reached target Encrypted Volumes.
[   22.634705] systemd[1]: Listening on LVM2 poll daemon socket.
[[0;32m  OK  [0m] Listening on LVM2 poll daemon socket.
[   22.672778] systemd[1]: Reached target User and Group Name Lookups.
[[0;32m  OK  [0m] Reached target User and Group Name Lookups.
[   22.701601] systemd[1]: Listening on LVM2 metadata daemon socket.
[[0;32m  OK  [0m] Listening on LVM2 metadata daemon socket.
[   22.763072] systemd[1]: Starting Monitoring of LVM2 mirrors, snapshots etc. using dmeventd or progress polling...
         Starting Monitoring of LVM2 mirrors... dmeventd or progress polling...
[   22.811205] systemd[1]: Listening on /dev/initctl Compatibility Named Pipe.
[[0;32m  OK  [0m] Listening on /dev/initctl Compatibility Named Pipe.
[   22.875792] systemd[1]: Mounted Huge Pages File System.
[[0;32m  OK  [0[   22.893160] iscsi: registered transport (iser)
m] Mounted Huge Pages File System.
[   22.910373] systemd[1]: Mounted POSIX Message Queue File System.
[[0;32m  OK  [0m] Mounted POSIX Message Queue File System.
[   22.933074] systemd[1]: Mounted Debug File System.
[[0;32m  OK  [0m] Mounted Debug File System.
[   22.949635] systemd[1]: Started Journal Service.
[[0;32m  OK  [0m] Started Journal Service.
[[0;32m  OK  [0m] Started Create list of required sta...ce nodes for the current kernel.
[[0;32m  OK  [0m] Started Set console keymap.
[[0;32m  OK  [0m] Started Load Kernel Modules.
[[0;32m  OK  [0m] Started Uncomplicated firewall.
[[0;32m  OK  [0m] Started File System Check on Root Device.
[[0;32m  OK  [0m] Started Nameserver information manager.
[[0;32m  OK  [0m] Started LVM2 metadata daemon.
[[0;32m  OK  [0m] Started File System Check Daemon to report status.
         Starting Remount Root and Kernel File Systems...
         Mounting FUSE Control File System...
         Starting Apply Kernel Variables...
         Starting Create Static Device Nodes in /dev...
[[0;32m  OK  [0m] Mounted FUSE Control File System.
[   23.184610] EXT4-fs (sda1): re-mounted. Opts: (null)
[[0;32m  OK  [0m] Started Remount Root and Kernel File Systems.
         Starting Load/Save Random Seed...
         Starting Flush Journal to Persistent Storage...
         Starting udev Coldplug all Devices...
[[0;32m  OK  [0m] Started Apply Kernel Variables.
[[0;32m  OK  [0m] Started Create Static Device Nodes in /dev.
[[0;32m  OK  [0m] Started Load/Save Random Seed.
         Starting udev Kernel Device Manager...
[[0;32m  OK  [0m] Started Monitoring of LVM2 mirrors,...ng dmeventd or progress polling.
[[0;32m  OK  [0m] Reached target Local File Systems (Pre).
[[0;32m  OK  [0m] Reached target Local File Systems.
         Starting LSB: AppArmor initialization...
         Starting Tell Plymouth To Write Out Runtime Data...
         Starting Initial cloud-init job (pre-networking)...
         Starting Commit a transient machine-id on disk...
         Starting Set console font and keymap...
[[0;32m  OK  [0m] Started Flush Journal to Persistent Storage.
[[0;32m  OK  [0m] Started Tell Plymouth To Write Out Runtime Data.
         Starting Create Volatile Files and Directories...
[[0;32m  OK  [0m] Started udev Kernel Device Manager.
[[0;32m  OK  [0m] Started Commit a transient machine-id on disk.
[[0;32m  OK  [0m] Started Create Volatile Files and Directories.
         Starting Update UTMP about System Boot/Shutdown...
[[0;32m  OK  [0m] Started Update UTMP about System Boot/Shutdown.
[[0;32m  OK  [0m] Started udev Coldplug all Devices.
[[0;32m  OK  [0m] Started Dispatch Password Requests to Console Directory Watch.
[[0;32m  OK  [0m] Found device /dev/ttyS0.
[[0;32m  OK  [0m] Listening on Load/Save RF Kill Switch Status /dev/rfkill Watch.
[[0;32m  OK  [0m] Started LSB: AppArmor initialization.
[   29.639677] cloud-init[472]: Cloud-init v. 21.1-19-gbad84ad4-0ubuntu1~16.04.2 running 'init-local' at Sun, 24 Dec 2023 11:57:16 +0000. Up 28.31 seconds.
[[0;32m  OK  [0m] Started Initial cloud-init job (pre-networking).
[[0;32m  OK  [0m] Reached target Network (Pre).
         Starting Raise network interfaces...
         Starting Load AppArmor profiles managed internally by snapd...
[[0;32m  OK  [0m] Started Load AppArmor profiles managed internally by snapd.
[[0;32m  OK  [0m] Started Set console font and keymap.
[[0;32m  OK  [0m] Created slice system-getty.slice.
[[0;32m  OK  [0m] Started Raise network interfaces.
[[0;32m  OK  [0m] Reached target Network.
         Starting Initial cloud-init job (metadata service crawler)...
[   35.411400] cloud-init[961]: Cloud-init v. 21.1-19-gbad84ad4-0ubuntu1~16.04.2 running 'init' at Sun, 24 Dec 2023 11:57:21 +0000. Up 33.39 seconds.
[   35.555884] cloud-init[961]: ci-info: ++++++++++++++++++++++++++++++++++++++Net device info+++++++++++++++++++++++++++++++++++++++
[   35.719860] cloud-init[961]: ci-info: +--------+-------+----------------------------+---------------+--------+-------------------+
[[   35.910811] cloud-init[961]: ci-info: | Device |   Up  |          Address           |      Mask     | Scope  |     Hw-Address    |
[   35.946817] cloud-init[961]: ci-info: +--------+-------+----------------------------+---------------+--------+-------------------+
[   35.952964] cloud-init[961]: ci-info: | enp0s3 |  True |         10.0.2.15          | 255.255.255.0 | global | 02:be:82:6b:cc:1d |
[   35.954571] cloud-init[961]: ci-info: | enp0s3 |  True | fe80::be:82ff:fe6b:cc1d/64 |       .       |  link  | 02:be:82:6b:cc:1d |
[   35.955679] cloud-init[961]: ci-info: | enp0s8 | False |             .              |       .       |   .    | 08:00:27:a4:96:73 |
[   35.986835] cloud-init[961]: ci-info: |   lo   |  True |         127.0.0.1          |   255.0.0.0   |  host  |         .         |
[   35.987961] cloud-init[961]: ci-info: |   lo   |  True |          ::1/128           |       .       |  host  |         .         |
[   35.988754] cloud-init[961]: ci-info: +--------+-------+----------------------------+---------------+--------+-------------------+
[   35.990727] cloud-init[961]: ci-info: +++++++++++++++++++++++++++Route IPv4 info++++++++++++++++++++++++++++
[   35.991311] cloud-init[961]: ci-info: +-------+-------------+----------+---------------+-----------+-------+
[   35.992001] cloud-init[961]: ci-info: | Route | Destination | Gateway  |    Genmask    | Interface | Flags |
[   35.992568] cloud-init[961]: ci-info: +-------+-------------+----------+---------------+-----------+-------+
[   35.993012] cloud-init[961]: ci-info: |   0   |   0.0.0.0   | 10.0.2.2 |    0.0.0.0    |   enp0s3  |   UG  |
[   35.993464] cloud-init[961]: ci-info: |   1   |   10.0.2.0  | 0.0.0.0  | 255.255.255.0 |   enp0s3  |   U   |
[   35.993760] cloud-init[961]: ci-info: +-------+-------------+----------+---------------+-----------+-------+
[   35.994094] cloud-init[961]: ci-info: +++++++++++++++++++Route IPv6 info+++++++++++++++++++
[   35.994386] cloud-init[961]: ci-info: +-------+-------------+---------+-----------+-------+
[   35.994643] cloud-init[961]: ci-info: | Route | Destination | Gateway | Interface | Flags |
[   35.994971] cloud-init[961]: ci-info: +-------+-------------+---------+-----------+-------+
[   35.995243] cloud-init[961]: ci-info: |   0   |  fe80::/64  |    ::   |   enp0s3  |   U   |
[   35.996257] cloud-init[961]: ci-info: |   3   |   ff00::/8  |    ::   |   enp0s3  |   U   |
[   35.996717] cloud-init[961]: ci-info: +-------+-------------+---------+-----------+-------+
[   35.998561] cloud-init[961]: Generating public/private rsa key pair.
[   36.000368] cloud-init[961]: Your identification has been saved in /etc/ssh/ssh_host_rsa_key.
[   36.001375] cloud-init[961]: Your public key has been saved in /etc/ssh/ssh_host_rsa_key.pub.
[   36.002548] cloud-init[961]: The key fingerprint is:
[   36.003123] cloud-init[961]: SHA256:uQ8i3aWKzqWmhGihjnWe3DkRSEDejMAKLqcIkFpZjD4 root@ubuntu-xenial
[   36.004248] cloud-init[961]: The key's randomart image is:
[   36.005938] cloud-init[961]: +---[RSA 2048]----+
[   36.009835] cloud-init[961]: |ooo*.            |
[   36.010589] cloud-init[961]: |++++o            |
[   36.011096] cloud-init[961]: |*oo.o.           |
[   36.011608] cloud-init[961]: |=.E . .  .       |
[   36.020669] cloud-init[961]: |++ .   .S .      |
[   36.024949] cloud-init[961]: |=..  ... +       |
[   36.026633] cloud-init[961]: |+.o o +.=        |
[   36.027579] cloud-init[961]: |+o =.B.+ o       |
[   36.027995] cloud-init[961]: |...+O +.  .      |
[   36.028307] cloud-init[961]: +----[SHA256]-----+
[   36.028553] cloud-init[961]: Generating public/private dsa key pair.
[   36.028817] cloud-init[961]: Your identification has been saved in /etc/ssh/ssh_host_dsa_key.
[   36.036010] cloud-init[961]: Your public key has been saved in /etc/ssh/ssh_host_dsa_key.pub.
[   36.040534] cloud-init[961]: The key fingerprint is:
[   36.041393] cloud-init[961]: SHA256:y8BuF3xsAzaJs/wvBUJtfQ8U7YW2uL0GRADuRxnEzRU root@ubuntu-xenial
[   36.113696] cloud-init[961]: The key's randomart image is:
[   36.171096] cloud-init[961]: +---[DSA 1024]----+
[   36.172152] cloud-init[961]: |       ..=+=o+Eo |
[   36.174429] cloud-init[961]: |      .oo.oo* + .|
[   36.175469] cloud-init[961]: |     .o.* oo * o |
[   36.224726] cloud-init[961]: |     o.*.=  o +  |
[   36.226336] cloud-init[961]: |      =.S.*. o   |
[   36.226691] cloud-init[961]: |     . + *..o .  |
[   36.226939] cloud-init[961]: |      o =.   . . |
[   36.227178] cloud-init[961]: |     . ...    o  |
[   36.227576] cloud-init[961]: |         ..  .   |
[   36.227883] cloud-init[961]: +----[SHA256]-----+
[   36.228152] cloud-init[961]: Generating public/private ecdsa key pair.
[0;32m  OK  [0m] Started Initial cloud-init job (metadata service crawler).
[   36.539507] cloud-init[961]: Your identification has been saved in /etc/ssh/ssh_host_ecdsa_key.
[   36.623469] cloud-init[961]: Your public key has been saved in /etc/ssh/ssh_host_ecdsa_key.pub.
[   36.623536] cloud-init[961]: The key fingerprint is:
[   36.623654] cloud-init[961]: SHA256:LudIBoZTahe1qoqZQBvZYxy7EsMGlgOu2RB/pkHeV8k root@ubuntu-xenial
[   36.626829] cloud-init[961]: The key's randomart image is:
[   36.627586] cloud-init[961]: +---[ECDSA 256]---+
[   36.629678] cloud-init[961]: |o .   ....       |
[   36.630594] cloud-init[961]: |o=.. . oE        |
[   36.631473] cloud-init[961]: |o=+.* o          |
[   36.635153] cloud-init[961]: |=+=Oo+           |
[   36.635849] cloud-init[961]: |oOB*=   S        |
[   36.637920] cloud-init[961]: |o.*=o. .         |
[   36.638873] cloud-init[961]: |.o..  + o        |
[   36.639941] cloud-init[961]: |o+.  o =         |
[   36.641884] cloud-init[961]: |=     . .        |
[   36.642970] cloud-init[961]: +----[SHA256]-----+
[   36.645968] cloud-init[961]: Generating public/private ed25519 key pair.
[   36.646998] cloud-init[961]: Your identification has been saved in /etc/ssh/ssh_host_ed25519_key.
[   36.647951] cloud-init[961]: Your public key has been saved in /etc/ssh/ssh_host_ed25519_key.pub.
[   36.652654] cloud-init[961]: The key fingerprint is:
[   36.653139] cloud-init[961]: SHA256:Al3VINgzJmuMIkQaHhCqcfDkIh5xqJiHbsUTQAFkkag root@ubuntu-xenial
[   36.653863] cloud-init[961]: The key's randomart image is:
[   36.654877] cloud-init[961]: +--[ED25519 256]--+
[   36.655712] cloud-init[961]: |&%B.   oo.oo     |
[   36.658350] cloud-init[961]: |*X+. .o.=.  .    |
[   36.660085] cloud-init[961]: |@== oo.+ o       |
[   36.661254] cloud-init[961]: |E+++..+          |
[   36.662270] cloud-init[961]: |o+..... S        |
[   36.663263] cloud-init[961]: | o     .         |
[   36.667933] cloud-init[961]: |.                |
[   36.670123] cloud-init[961]: |                 |
[   36.671979] cloud-init[961]: |                 |
[   36.674859] cloud-init[961]: +----[SHA256]-----+
[[0;32m  OK  [0m] Reached target Cloud-config availability.
[[0;32m  OK  [0m] Reached target Network is Online.
         Starting iSCSI initiator daemon (iscsid)...
[[0;32m  OK  [0m] Reached target System Initialization.
[[0;32m  OK  [0m] Started Daily Cleanup of Temporary Directories.
[[0;32m  OK  [0m] Listening on ACPID Listen Socket.
[[0;32m  OK  [0m] Started Ubuntu Advantage update messaging.
[[0;32m  OK  [0m] Listening on UUID daemon activation socket.
[[0;32m  OK  [0m] Started Message of the Day.
[[0;32m  OK  [0m] Started ACPI Events Check.
[[0;32m  OK  [0m] Reached target Paths.
         Starting LXD - unix socket.
[[0;32m  OK  [0m] Listening on D-Bus System Message Bus Socket.
[[0;32m  OK  [0m] Started Daily apt download activities.
         Starting Socket activation for snappy daemon.
[[0;32m  OK  [0m] Started Daily apt upgrade and clean activities.
[[0;32m  OK  [0m] Reached target Timers.
[[0;32m  OK  [0m] Listening on LXD - unix socket.
[[0;32m  OK  [0m] Listening on Socket activation for snappy daemon.
[[0;32m  OK  [0m] Started iSCSI initiator daemon (iscsid).
         Starting Login to default iSCSI targets...
[[0;32m  OK  [0m] Reached target Sockets.
[[0;32m  OK  [0m] Reached target Basic System.
         Starting Virtualbox guest utils...
[[0;32m  OK  [0m] Started Deferred execution scheduler.
[[0;32m  OK  [0m] Started D-Bus System Message Bus.
         Starting Pollinate to seed the pseudo random number generator...
         Starting Login Service...
         Starting System Logging Service...
         Starting Snap Daemon...
         Starting Accounts Service...
         Starting /etc/rc.local Compatibility...
[[0;32m  OK  [0m] Started Regular background program processing daemon.
[[0;32m  OK  [0m] Started FUSE filesystem for LXC.
[[0;32m  OK  [0m] Started ACPI event daemon.
         Starting LSB: Record successful boot for GRUB...
         Starting LSB: MD monitoring daemon...
         Starting LXD - container startup/shutdown...
[[0;32m  OK  [0m] Started /etc/rc.local Compatibility.
[[0;32m  OK  [0m] Started System Logging Service.
[[0;32m  OK  [0m] Started Login Service.
[[0;32m  OK  [0m] Started Unattended Upgrades Shutdown.
[[0;32m  OK  [0m] Started Login to default iSCSI targets.
[[0;32m  OK  [0m] Reached target Remote File Systems (Pre).
[[0;32m  OK  [0m] Reached target Remote File Systems.
         Starting Permit User Sessions...
         Starting LSB: automatic crash report generation...
         Starting LSB: daemon to balance interrupts for SMP systems...
         Starting LSB: Set the CPU Frequency Scaling governor to "ondemand"...
[[0;32m  OK  [0m] Started Permit User Sessions.
         Starting Authenticate and Authorize Users to Run Privileged Tasks...
         Starting Hold until boot process finishes up...
         Starting Terminate Plymouth Boot Screen...
[[0;32m  OK  [0m] Started LSB: Record successful boot for GRUB.
[[0;32m  OK  [0m] Started LSB: MD monitoring daemon.
[[0;32m  OK  [0m] Started Hold until boot process finishes up.
[[0;32m  OK  [0m] Started Terminate Plymouth Boot Screen.
         Starting Set console scheme...
[[0;32m  OK  [0m] Started Getty on tty1.
[[0;32m  OK  [0m] Started Serial Getty on ttyS0.
[[0;32m  OK  [0m] Reached target Login Prompts.
[[0;32m  OK  [0m] Started LSB: automatic crash report generation.
[[0;32m  OK  [0m] Started LSB: daemon to balance interrupts for SMP systems.
[[0;32m  OK  [0m] Started LXD - container startup/shutdown.
[[0;32m  OK  [0m] Started LSB: Set the CPU Frequency Scaling governor to "ondemand".
[[0;32m  OK  [0m] Started Set console scheme.
[[0;32m  OK  [0m] Started Authenticate and Authorize Users to Run Privileged Tasks.
[[0;32m  OK  [0m] Started Accounts Service.
[[0;32m  OK  [0m] Started Virtualbox guest utils.
[[0;32m  OK  [0m] Started Pollinate to seed the pseudo random number generator.
         Starting OpenBSD Secure Shell server...
[[0;32m  OK  [0m] Started OpenBSD Secure Shell server.
[[0;32m  OK  [0m] Started Snap Daemon.
         Starting Wait until snapd is fully seeded...

Ubuntu 16.04.7 LTS ubuntu-xenial ttyS0

ubuntu-xenial login: [   45.651920] cloud-init[1323]: Generating locales (this might take a while)...
[   47.861375] cloud-init[1323]:   en_US.UTF-8... done
[   47.866310] cloud-init[1323]: Generation complete.
[   48.643006] cloud-init[1323]: Cloud-init v. 21.1-19-gbad84ad4-0ubuntu1~16.04.2 running 'modules:config' at Sun, 24 Dec 2023 11:57:33 +0000. Up 45.40 seconds.
ci-info: no authorized SSH keys fingerprints found for user ubuntu.
<14>Dec 24 11:57:37 ec2: 
<14>Dec 24 11:57:37 ec2: #############################################################
<14>Dec 24 11:57:37 ec2: -----BEGIN SSH HOST KEY FINGERPRINTS-----
<14>Dec 24 11:57:37 ec2: 1024 SHA256:y8BuF3xsAzaJs/wvBUJtfQ8U7YW2uL0GRADuRxnEzRU root@ubuntu-xenial (DSA)
<14>Dec 24 11:57:37 ec2: 256 SHA256:LudIBoZTahe1qoqZQBvZYxy7EsMGlgOu2RB/pkHeV8k root@ubuntu-xenial (ECDSA)
<14>Dec 24 11:57:37 ec2: 256 SHA256:Al3VINgzJmuMIkQaHhCqcfDkIh5xqJiHbsUTQAFkkag root@ubuntu-xenial (ED25519)
<14>Dec 24 11:57:37 ec2: 2048 SHA256:uQ8i3aWKzqWmhGihjnWe3DkRSEDejMAKLqcIkFpZjD4 root@ubuntu-xenial (RSA)
<14>Dec 24 11:57:37 ec2: -----END SSH HOST KEY FINGERPRINTS-----
<14>Dec 24 11:57:37 ec2: #############################################################
-----BEGIN SSH HOST KEY KEYS-----
ecdsa-sha2-nistp256 AAAAE2VjZHNhLXNoYTItbmlzdHAyNTYAAAAIbmlzdHAyNTYAAABBBAk9fotJRMN6nARxYP1XVU9lAMTeNfbY3uAeJxEtpFG4Rs2ZGUoj+PJY4T9IiQqn6wEPXwiclqGaq6lP8walr1g= root@ubuntu-xenial
ssh-ed25519 AAAAC3NzaC1lZDI1NTE5AAAAINyIXzu4uhGdfFkgWQpQlqjBEcc15AJkkYQiRw6IkUg7 root@ubuntu-xenial
ssh-rsa AAAAB3NzaC1yc2EAAAADAQABAAABAQDTUgzAtPQ4Sp9YGMntZXg5Sdhxm6kz7QW22pjqEv0p94NDLmN7rAkWyQvqEoQDumIIv6Zf5c9aQehC2Nbro9YI0rNapX31bLPzxEEobOxQLMpuQBtaPN2+vBFdi3Vye/Z5XAk/WB5Kq0euy4d1FGuYC6Muzkh0HGP9WSOHqaacrXYfIf4WEj+8yPN0xaU1FauoBwFiHuHUpBGHLXb9hzGQeP6cFQs7ifNntUWz/EMxzaYSWo3o+RhJ1OpZUZZ60v32V6A64Ctceu3c5fh8M8iZVKVKSubRHdnYDzso6zj6lrqhspolXzQ138a7Nee6zFKqEyTlwD20xyxBBa4wc2b3 root@ubuntu-xenial
-----END SSH HOST KEY KEYS-----
[   49.705991] cloud-init[1368]: Cloud-init v. 21.1-19-gbad84ad4-0ubuntu1~16.04.2 running 'modules:final' at Sun, 24 Dec 2023 11:57:37 +0000. Up 49.30 seconds.
[   49.706408] cloud-init[1368]: ci-info: no authorized SSH keys fingerprints found for user ubuntu.
[   49.707465] cloud-init[1368]: Cloud-init v. 21.1-19-gbad84ad4-0ubuntu1~16.04.2 finished at Sun, 24 Dec 2023 11:57:37 +0000. Datasource DataSourceNoCloud [seed=/dev/sdb][dsmode=net].  Up 49.60 seconds
